Sender: LSF System <lsfadmin@lt09>
Subject: Job 11621846: <Src_Pconc_0.25> in cluster <lila> Done

Job <Src_Pconc_0.25> was submitted from host <lilac> by user <grundye> in cluster <lila> at Mon Jul 29 09:27:05 2019
Job was executed on host(s) <lt09>, in queue <cpuqueue>, as user <grundye> in cluster <lila> at Mon Jul 29 09:27:06 2019
</home/grundye> was used as the home directory.
</home/grundye/EXPERIMENTS/kinase_inhibitors_and_assaytools/20190307_single_well_single_wv_NB_plate_ligs1-4_Pconc_0.25_assaytools/Src_re-do> was used as the working directory.
Started at Mon Jul 29 09:27:06 2019
Terminated at Mon Jul 29 19:15:30 2019
Results reported at Mon Jul 29 19:15:30 2019

Your job looked like:

------------------------------------------------------------
# LSBATCH: User input
#!/bin/bash
#BSUB -J Src_Pconc_0.25
#BSUB -n 1
#BSUB -R span[ptile=1]
#BSUB -R rusage[mem=8]
#BSUB -W 10:00
#BSUB -o %J.stdout
#BSUB -eo %J.stderr

# make sure job's submission CWD path can be accessed on the job's execution host 
cd $LS_SUBCWD

# Activate the environment where Assaytools is installed
source activate assaytools_af411f0

# Export current conda environment requirements
conda list --export > requirements.txt

# Run my program
echo "Started running Assaytools..."
quickmodel --inputs 'inputs_single_well_dial_Src_WT' --type 'singlet' --nsamples 100000
echo "Done."

------------------------------------------------------------

Successfully completed.

Resource usage summary:

    CPU time :                                   35298.19 sec.
    Max Memory :                                 1 GB
    Average Memory :                             0.80 GB
    Total Requested Memory :                     8.00 GB
    Delta Memory :                               7.00 GB
    Max Swap :                                   -
    Max Processes :                              5
    Max Threads :                                141
    Run time :                                   35305 sec.
    Turnaround time :                            35305 sec.

The output (if any) follows:

Started running Assaytools...
Src-Bosutinib-B7A2
MAP fitting cycle 5/5
Delta G (95% credibility interval after equilibration):
   -26.7 [-34.1,-19.3] k_B T
Delta G (mean and std after equil):
   -26.7 +- 4.48 k_B T
Kd (95% credibility interval after equilibration):
   2.6 [0.0,4144.9] pM
Kd (mean and std after equil):
   2.5 pM +- 1357.4 pM
Src-Bosutinib Isomer-D7C2
MAP fitting cycle 5/5
Delta G (95% credibility interval after equilibration):
   -27.7 [-34.2,-21.2] k_B T
Delta G (mean and std after equil):
   -27.7 +- 3.95 k_B T
Kd (95% credibility interval after equilibration):
   956.2 [1.4,617561.5] fM
Kd (mean and std after equil):
   962.4 fM +- 159324.9 fM
Src-Erlotinib-F7E2
MAP fitting cycle 5/5
Delta G (95% credibility interval after equilibration):
   -15.4 [-16.6,-14] k_B T
Delta G (mean and std after equil):
   -15.4 +- 0.665 k_B T
Kd (95% credibility interval after equilibration):
   198.8 [62.1,800.6] nM
Kd (mean and std after equil):
   207.3 nM +- 183.1 nM
Src-Gefitinib-H7G2
MAP fitting cycle 5/5
Delta G (95% credibility interval after equilibration):
   -12.5 [-14.1,-11.1] k_B T
Delta G (mean and std after equil):
   -12.5 +- 0.745 k_B T
Kd (95% credibility interval after equilibration):
   3.7 [0.7,14.7] uM
Kd (mean and std after equil):
   3.6 uM +- 3.5 uM
Done.


PS:

Read file <11621846.stderr> for stderr output of this job.

