Sender: LSF System <lsfadmin@lt02>
Subject: Job 9350979: <bos_iso_100k_dP> in cluster <lila> Done

Job <bos_iso_100k_dP> was submitted from host <lilac> by user <grundye> in cluster <lila> at Fri May 17 13:45:16 2019
Job was executed on host(s) <lt02>, in queue <cpuqueue>, as user <grundye> in cluster <lila> at Fri May 17 13:45:17 2019
</home/grundye> was used as the home directory.
</home/grundye/EXPERIMENTS/kinase_inhibitors_and_assaytools/20190517_SMH_fig_3_corrected_L_stated_right_files/inputs/bos_iso> was used as the working directory.
Started at Fri May 17 13:45:17 2019
Terminated at Fri May 17 19:49:44 2019
Results reported at Fri May 17 19:49:44 2019

Your job looked like:

------------------------------------------------------------
# LSBATCH: User input
#!/bin/bash
#BSUB -J bos_iso_100k_dP
#BSUB -n 1
#BSUB -R span[ptile=1]
#BSUB -R rusage[mem=8]
#BSUB -W 8:00
#BSUB -o %J.stdout
#BSUB -eo %J.stderr

# make sure job’s submission CWD path can be accessed on the job’s execution host 
cd $LS_SUBCWD

# Activate the environment where Assaytools is installed
source activate assaytools_af411f0

# Export current conda environment requirements
conda list --export > requirements.txt

# Run my program
echo “Started running Assaytools...”
quickmodel --inputs inputs_spectra_bos_iso --type spectra --nsamples 100000
echo “Done.”

------------------------------------------------------------

Successfully completed.

Resource usage summary:

    CPU time :                                   21848.30 sec.
    Max Memory :                                 1 GB
    Average Memory :                             0.66 GB
    Total Requested Memory :                     8.00 GB
    Delta Memory :                               7.00 GB
    Max Swap :                                   -
    Max Processes :                              5
    Max Threads :                                141
    Run time :                                   21866 sec.
    Turnaround time :                            21868 sec.

The output (if any) follows:

“Started running Assaytools...”
Skipping analysis of rows:  ['A', 'B', 'E', 'F', 'G', 'H']
Skipping analysis of rows:  ['A', 'B', 'E', 'F', 'G', 'H']
Skipping analysis of rows:  ['A', 'B', 'E', 'F', 'G', 'H']
Src-Bosutinib Isomer-CD
MAP fitting cycle 5/5
Delta G (95% credibility interval after equilibration):
   -24.8 [-34.1,-16.7] k_B T
Delta G (mean and std after equil):
   -25 +- 5.38 k_B T
Kd (95% credibility interval after equilibration):
   17.1 [0.0,55557.8] pM
Kd (mean and std after equil):
   14.4 pM +- 14352.6 pM
p38-Bosutinib Isomer-CD
MAP fitting cycle 5/5
Delta G (95% credibility interval after equilibration):
   -10.6 [-11.9,-9.29] k_B T
Delta G (mean and std after equil):
   -10.6 +- 0.655 k_B T
Kd (95% credibility interval after equilibration):
   24.1 [6.9,92.7] uM
Kd (mean and std after equil):
   24.6 uM +- 23.4 uM
Abl-Bosutinib Isomer-CD
MAP fitting cycle 5/5
Delta G (95% credibility interval after equilibration):
   -24.1 [-34,-15.5] k_B T
Delta G (mean and std after equil):
   -24.3 +- 5.71 k_B T
Kd (95% credibility interval after equilibration):
   35.7 [0.0,184971.3] pM
Kd (mean and std after equil):
   27.9 pM +- 60117.9 pM
“Done.”


PS:

Read file <9350979.stderr> for stderr output of this job.

