Sender: LSF System <lsfadmin@lt08>
Subject: Job 8794775: <single_well_100k_dP> in cluster <lila> Done

Job <single_well_100k_dP> was submitted from host <lilac> by user <grundye> in cluster <lila> at Fri Apr 26 15:49:42 2019
Job was executed on host(s) <lt08>, in queue <cpuqueue>, as user <grundye> in cluster <lila> at Fri Apr 26 15:49:49 2019
</home/grundye> was used as the home directory.
</home/grundye/EXPERIMENTS/kinase_inhibitors_and_assaytools/20190426_p38_stauro_single_vs_multi_well/single_well> was used as the working directory.
Started at Fri Apr 26 15:49:49 2019
Terminated at Fri Apr 26 18:08:51 2019
Results reported at Fri Apr 26 18:08:51 2019

Your job looked like:

------------------------------------------------------------
# LSBATCH: User input
#!/bin/bash
#BSUB -J single_well_100k_dP
#BSUB -n 1
#BSUB -R span[ptile=1]
#BSUB -R rusage[mem=8]
#BSUB -W 6:00
#BSUB -o %J.stdout
#BSUB -eo %J.stderr

# make sure job's submission CWD path can be accessed on the job's execution host 
cd $LS_SUBCWD

# Activate the environment where Assaytools is installed
source activate assaytools_af411f0

# Export current conda environment requirements
conda list --export > requirements.txt

# Run my program
echo "Started running Assaytools..."
quickmodel --inputs 'inputs_single_well_dial_p38' --type 'spectra' --nsamples 100000
echo "Done."

------------------------------------------------------------

Successfully completed.

Resource usage summary:

    CPU time :                                   8338.36 sec.
    Max Memory :                                 1 GB
    Average Memory :                             0.00 GB
    Total Requested Memory :                     8.00 GB
    Delta Memory :                               7.00 GB
    Max Swap :                                   -
    Max Processes :                              5
    Max Threads :                                141
    Run time :                                   8343 sec.
    Turnaround time :                            8349 sec.

The output (if any) follows:

Started running Assaytools...
p38-Staurosporine-G12G2
MAP fitting cycle 5/5
Delta G (95% credibility interval after equilibration):
   -3.85 [-8.6,-0.193] k_B T
Delta G (mean and std after equil):
   -3.95 +- 2.4 k_B T
Kd (95% credibility interval after equilibration):
   21.3 [0.2,824.7] mM
Kd (mean and std after equil):
   19.3 mM +- 219.2 mM
Done.


PS:

Read file <8794775.stderr> for stderr output of this job.

