Sender: LSF System <lsfadmin@ls18>
Subject: Job 11224388: <p38_Perror_0.5_100k> in cluster <lila> Done

Job <p38_Perror_0.5_100k> was submitted from host <lilac> by user <grundye> in cluster <lila> at Tue Jul 23 11:38:03 2019
Job was executed on host(s) <ls18>, in queue <cpuqueue>, as user <grundye> in cluster <lila> at Tue Jul 23 11:38:05 2019
</home/grundye> was used as the home directory.
</home/grundye/EXPERIMENTS/kinase_inhibitors_and_assaytools/20190723_multiple_well_single_wv_NB_all/p38> was used as the working directory.
Started at Tue Jul 23 11:38:05 2019
Terminated at Tue Jul 23 20:10:02 2019
Results reported at Tue Jul 23 20:10:02 2019

Your job looked like:

------------------------------------------------------------
# LSBATCH: User input
#!/bin/bash
#BSUB -J p38_Perror_0.5_100k
#BSUB -n 1
#BSUB -R span[ptile=1]
#BSUB -R rusage[mem=8]
#BSUB -W 12:00
#BSUB -o %J.stdout
#BSUB -eo %J.stderr

# make sure job’s submission CWD path can be accessed on the job’s execution host 
cd $LS_SUBCWD

# Activate the environment where Assaytools is installed
source activate assaytools_af411f0

# Export current conda environment requirements
conda list --export > requirements.txt

# Run my program
echo “Started running Assaytools...”
quickmodel --inputs inputs_multiple_well_single_wv_p38_4ligs --type singlet --nsamples 100000
echo “Done.”

------------------------------------------------------------

Successfully completed.

Resource usage summary:

    CPU time :                                   30700.98 sec.
    Max Memory :                                 1 GB
    Average Memory :                             0.75 GB
    Total Requested Memory :                     8.00 GB
    Delta Memory :                               7.00 GB
    Max Swap :                                   17179869183 GB
    Max Processes :                              5
    Max Threads :                                141
    Run time :                                   30717 sec.
    Turnaround time :                            30719 sec.

The output (if any) follows:

“Started running Assaytools...”
Skipping analysis of rows:  []
p38-Bosutinib-AB
MAP fitting cycle 5/5
Delta G (95% credibility interval after equilibration):
   -13.9 [-16.5,-12.3] k_B T
Delta G (mean and std after equil):
   -14.1 +- 1.39 k_B T
Kd (95% credibility interval after equilibration):
   886.6 [65.1,4521.9] nM
Kd (mean and std after equil):
   742.4 nM +- 1131.2 nM
p38-Bosutinib Isomer-CD
MAP fitting cycle 5/5
Delta G (95% credibility interval after equilibration):
   -12 [-13.5,-10.6] k_B T
Delta G (mean and std after equil):
   -12.1 +- 0.755 k_B T
Kd (95% credibility interval after equilibration):
   6.0 [1.3,25.0] uM
Kd (mean and std after equil):
   5.8 uM +- 7.1 uM
p38-Erlotinib-EF
MAP fitting cycle 5/5
Delta G (95% credibility interval after equilibration):
   -10.8 [-12.5,-9.46] k_B T
Delta G (mean and std after equil):
   -10.9 +- 0.788 k_B T
Kd (95% credibility interval after equilibration):
   20.8 [3.8,77.7] uM
Kd (mean and std after equil):
   19.2 uM +- 19.7 uM
p38-Gefitinib-GH
MAP fitting cycle 5/5
Delta G (95% credibility interval after equilibration):
   -12.9 [-14.7,-11.4] k_B T
Delta G (mean and std after equil):
   -12.9 +- 0.856 k_B T
Kd (95% credibility interval after equilibration):
   2.5 [0.4,11.5] uM
Kd (mean and std after equil):
   2.4 uM +- 3.2 uM
“Done.”


PS:

Read file <11224388.stderr> for stderr output of this job.

