Sender: LSF System <lsfadmin@lt11>
Subject: Job 8006492: <gef_100k_dP> in cluster <lila> Done

Job <gef_100k_dP> was submitted from host <lilac> by user <grundye> in cluster <lila> at Mon Apr  1 14:56:00 2019
Job was executed on host(s) <lt11>, in queue <cpuqueue>, as user <grundye> in cluster <lila> at Mon Apr  1 14:56:01 2019
</home/grundye> was used as the home directory.
</home/grundye/EXPERIMENTS/kinase_inhibitors_and_assaytools/20190401_SMH_figure_3_corrected_L_stated/inputs/gef> was used as the working directory.
Started at Mon Apr  1 14:56:01 2019
Terminated at Mon Apr  1 22:37:50 2019
Results reported at Mon Apr  1 22:37:50 2019

Your job looked like:

------------------------------------------------------------
# LSBATCH: User input
#!/bin/bash
#BSUB -J gef_100k_dP
#BSUB -n 1
#BSUB -R span[ptile=1]
#BSUB -R rusage[mem=8]
#BSUB -W 8:00
#BSUB -o %J.stdout
#BSUB -eo %J.stderr

# make sure job's submission CWD path can be accessed on the job's execution host 
cd $LS_SUBCWD

# Activate the environment where Assaytools is installed
source activate assaytools_af411f0

# Export current conda environment requirements
conda list --export > requirements.txt

# Run my program
echo "Started running Assaytools..."
quickmodel --inputs 'inputs_spectra_2gains_gef' --type 'spectra' --nsamples 100000
echo "Done."

------------------------------------------------------------

Successfully completed.

Resource usage summary:

    CPU time :                                   27705.85 sec.
    Max Memory :                                 1 GB
    Average Memory :                             0.73 GB
    Total Requested Memory :                     8.00 GB
    Delta Memory :                               7.00 GB
    Max Swap :                                   -
    Max Processes :                              5
    Max Threads :                                141
    Run time :                                   27709 sec.
    Turnaround time :                            27710 sec.

The output (if any) follows:

Started running Assaytools...
Skipping analysis of rows:  ['A', 'B', 'C', 'D', 'E', 'F']
Skipping analysis of rows:  ['A', 'B', 'C', 'D', 'E', 'F']
Skipping analysis of rows:  ['A', 'B', 'C', 'D', 'E', 'F']
Src-Gefitinib-GH
MAP fitting cycle 5/5
Delta G (95% credibility interval after equilibration):
   -9.77 [-11,-8.4] k_B T
Delta G (mean and std after equil):
   -9.75 +- 0.673 k_B T
Kd (95% credibility interval after equilibration):
   57.3 [16.6,224.6] uM
Kd (mean and std after equil):
   58.6 uM +- 60.2 uM
p38-Gefitinib-GH
MAP fitting cycle 5/5
Delta G (95% credibility interval after equilibration):
   -10.4 [-10.5,-10.3] k_B T
Delta G (mean and std after equil):
   -10.4 +- 0.0757 k_B T
Kd (95% credibility interval after equilibration):
   31.0 [26.8,35.1] uM
Kd (mean and std after equil):
   30.8 uM +- 2.3 uM
Abl-Gefitinib-GH
MAP fitting cycle 5/5
Delta G (95% credibility interval after equilibration):
   -11.1 [-11.2,-11.1] k_B T
Delta G (mean and std after equil):
   -11.1 +- 0.00979 k_B T
Kd (95% credibility interval after equilibration):
   14.5 [14.3,14.7] uM
Kd (mean and std after equil):
   14.5 uM +- 0.1 uM
Done.


PS:

Read file <8006492.stderr> for stderr output of this job.

