Sender: LSF System <lsfadmin@ls09>
Subject: Job 11658743: <Abl_GK_Pconc_0.25> in cluster <lila> Done

Job <Abl_GK_Pconc_0.25> was submitted from host <lilac> by user <grundye> in cluster <lila> at Tue Jul 30 11:01:45 2019
Job was executed on host(s) <ls09>, in queue <cpuqueue>, as user <grundye> in cluster <lila> at Tue Jul 30 11:01:46 2019
</home/grundye> was used as the home directory.
</home/grundye/EXPERIMENTS/kinase_inhibitors_and_assaytools/20190307_single_well_single_wv_NB_plate_ligs1-4_Pconc_0.25_assaytools/Abl_T334I_re-do_2> was used as the working directory.
Started at Tue Jul 30 11:01:46 2019
Terminated at Tue Jul 30 19:47:47 2019
Results reported at Tue Jul 30 19:47:47 2019

Your job looked like:

------------------------------------------------------------
# LSBATCH: User input
#!/bin/bash
#BSUB -J Abl_GK_Pconc_0.25
#BSUB -n 1
#BSUB -R span[ptile=1]
#BSUB -R rusage[mem=8]
#BSUB -W 18:00
#BSUB -o %J.stdout
#BSUB -eo %J.stderr

# make sure job's submission CWD path can be accessed on the job's execution host 
cd $LS_SUBCWD

# Activate the environment where Assaytools is installed
source activate assaytools_af411f0

# Export current conda environment requirements
conda list --export > requirements.txt

# Run my program
echo "Started running Assaytools..."
quickmodel --inputs 'inputs_single_well_dial_Abl_GK' --type 'singlet' --nsamples 100000
echo "Done."

------------------------------------------------------------

Successfully completed.

Resource usage summary:

    CPU time :                                   31551.78 sec.
    Max Memory :                                 1 GB
    Average Memory :                             0.76 GB
    Total Requested Memory :                     8.00 GB
    Delta Memory :                               7.00 GB
    Max Swap :                                   17179869183 GB
    Max Processes :                              5
    Max Threads :                                141
    Run time :                                   31561 sec.
    Turnaround time :                            31562 sec.

The output (if any) follows:

Started running Assaytools...
Abl_D382N_T334I-Bosutinib-B4A2
MAP fitting cycle 5/5
Delta G (95% credibility interval after equilibration):
   -26.5 [-34.2,-19.2] k_B T
Delta G (mean and std after equil):
   -26.5 +- 4.58 k_B T
Kd (95% credibility interval after equilibration):
   3.1 [0.0,4381.8] pM
Kd (mean and std after equil):
   3.0 pM +- 1998.5 pM
Abl_D382N_T334I-Bosutinib Isomer-D4C2
MAP fitting cycle 5/5
Delta G (95% credibility interval after equilibration):
   -26.9 [-34.2,-19.2] k_B T
Delta G (mean and std after equil):
   -26.8 +- 4.48 k_B T
Kd (95% credibility interval after equilibration):
   2.1 [0.0,4760.0] pM
Kd (mean and std after equil):
   2.2 pM +- 1511.0 pM
Abl_D382N_T334I-Erlotinib-F4E2
MAP fitting cycle 5/5
Delta G (95% credibility interval after equilibration):
   -26.9 [-34.2,-19.9] k_B T
Delta G (mean and std after equil):
   -26.9 +- 4.36 k_B T
Kd (95% credibility interval after equilibration):
   2.0 [0.0,2264.5] pM
Kd (mean and std after equil):
   2.0 pM +- 631.9 pM
Abl_D382N_T334I-Gefitinib-H4G2
MAP fitting cycle 5/5
Delta G (95% credibility interval after equilibration):
   -14.8 [-14.9,-14.7] k_B T
Delta G (mean and std after equil):
   -14.8 +- 0.053 k_B T
Kd (95% credibility interval after equilibration):
   358.9 [328.6,394.7] nM
Kd (mean and std after equil):
   363.9 nM +- 19.2 nM
Done.


PS:

Read file <11658743.stderr> for stderr output of this job.

