Sender: LSF System <lsfadmin@ls05>
Subject: Job 11224599: <Src_T338I_Perror_0.25_100k> in cluster <lila> Done

Job <Src_T338I_Perror_0.25_100k> was submitted from host <lilac> by user <grundye> in cluster <lila> at Tue Jul 23 12:09:09 2019
Job was executed on host(s) <ls05>, in queue <cpuqueue>, as user <grundye> in cluster <lila> at Tue Jul 23 12:09:10 2019
</home/grundye> was used as the home directory.
</home/grundye/EXPERIMENTS/kinase_inhibitors_and_assaytools/20190723_multiple_well_single_wv_NB_all_Pconc_0.25_assaytools/Src_T338I> was used as the working directory.
Started at Tue Jul 23 12:09:10 2019
Terminated at Tue Jul 23 23:40:17 2019
Results reported at Tue Jul 23 23:40:17 2019

Your job looked like:

------------------------------------------------------------
# LSBATCH: User input
#!/bin/bash
#BSUB -J Src_T338I_Perror_0.25_100k
#BSUB -n 1
#BSUB -R span[ptile=1]
#BSUB -R rusage[mem=8]
#BSUB -W 12:00
#BSUB -o %J.stdout
#BSUB -eo %J.stderr

# make sure job’s submission CWD path can be accessed on the job’s execution host 
cd $LS_SUBCWD

# Activate the environment where Assaytools is installed
source activate assaytools_af411f0

# Export current conda environment requirements
conda list --export > requirements.txt

# Run my program
echo “Started running Assaytools...”
quickmodel --inputs inputs_multiple_well_single_wv_Src_T338I_4ligs --type singlet --nsamples 100000
echo “Done.”

------------------------------------------------------------

Successfully completed.

Resource usage summary:

    CPU time :                                   41439.85 sec.
    Max Memory :                                 1 GB
    Average Memory :                             0.76 GB
    Total Requested Memory :                     8.00 GB
    Delta Memory :                               7.00 GB
    Max Swap :                                   -
    Max Processes :                              5
    Max Threads :                                141
    Run time :                                   41468 sec.
    Turnaround time :                            41468 sec.

The output (if any) follows:

“Started running Assaytools...”
Skipping analysis of rows:  []
Src_T338I-Bosutinib-AB
MAP fitting cycle 5/5
Delta G (95% credibility interval after equilibration):
   -16.9 [-18.4,-16.1] k_B T
Delta G (mean and std after equil):
   -17.1 +- 1.19 k_B T
Kd (95% credibility interval after equilibration):
   45.6 [9.7,98.1] nM
Kd (mean and std after equil):
   39.1 nM +- 22.9 nM
Src_T338I-Bosutinib Isomer-CD
MAP fitting cycle 5/5
Delta G (95% credibility interval after equilibration):
   -14.6 [-16.9,-13.3] k_B T
Delta G (mean and std after equil):
   -14.7 +- 1.12 k_B T
Kd (95% credibility interval after equilibration):
   467.4 [46.5,1633.3] nM
Kd (mean and std after equil):
   408.7 nM +- 376.6 nM
Src_T338I-Erlotinib-EF
MAP fitting cycle 5/5
Delta G (95% credibility interval after equilibration):
   -13.6 [-15.2,-12.1] k_B T
Delta G (mean and std after equil):
   -13.6 +- 0.798 k_B T
Kd (95% credibility interval after equilibration):
   1.2 [0.3,5.3] uM
Kd (mean and std after equil):
   1.2 uM +- 1.5 uM
Src_T338I-Gefitinib-GH
MAP fitting cycle 5/5
Delta G (95% credibility interval after equilibration):
   -12.2 [-12.2,-12.2] k_B T
Delta G (mean and std after equil):
   -12.2 +- 0.0132 k_B T
Kd (95% credibility interval after equilibration):
   5.0 [4.9,5.1] uM
Kd (mean and std after equil):
   5.0 uM +- 0.1 uM
“Done.”


PS:

Read file <11224599.stderr> for stderr output of this job.

