Sender: LSF System <lsfadmin@ls13>
Subject: Job 9351376: <gef_100k_dP> in cluster <lila> Exited

Job <gef_100k_dP> was submitted from host <lilac> by user <grundye> in cluster <lila> at Fri May 17 13:46:51 2019
Job was executed on host(s) <ls13>, in queue <cpuqueue>, as user <grundye> in cluster <lila> at Fri May 17 13:46:52 2019
</home/grundye> was used as the home directory.
</home/grundye/EXPERIMENTS/kinase_inhibitors_and_assaytools/20190517_SMH_fig_3_corrected_L_stated_right_files/inputs/gef> was used as the working directory.
Started at Fri May 17 13:46:52 2019
Terminated at Fri May 17 21:46:52 2019
Results reported at Fri May 17 21:46:52 2019

Your job looked like:

------------------------------------------------------------
# LSBATCH: User input
#!/bin/bash
#BSUB -J gef_100k_dP
#BSUB -n 1
#BSUB -R span[ptile=1]
#BSUB -R rusage[mem=8]
#BSUB -W 8:00
#BSUB -o %J.stdout
#BSUB -eo %J.stderr

# make sure job’s submission CWD path can be accessed on the job’s execution host 
cd $LS_SUBCWD

# Activate the environment where Assaytools is installed
source activate assaytools_af411f0

# Export current conda environment requirements
conda list --export > requirements.txt

# Run my program
echo “Started running Assaytools...”
quickmodel --inputs inputs_spectra_gef --type spectra --nsamples 100000
echo “Done.”

------------------------------------------------------------

TERM_RUNLIMIT: job killed after reaching LSF run time limit.
Exited with exit code 140.

Resource usage summary:

    CPU time :                                   28787.00 sec.
    Max Memory :                                 1 GB
    Average Memory :                             0.68 GB
    Total Requested Memory :                     8.00 GB
    Delta Memory :                               7.00 GB
    Max Swap :                                   -
    Max Processes :                              5
    Max Threads :                                141
    Run time :                                   28801 sec.
    Turnaround time :                            28801 sec.

The output (if any) follows:

“Started running Assaytools...”


PS:

Read file <9351376.stderr> for stderr output of this job.

