Sender: LSF System <lsfadmin@ls14>
Subject: Job 7514554: <Abl_GK_100k_dP> in cluster <lila> Done

Job <Abl_GK_100k_dP> was submitted from host <lilac> by user <grundye> in cluster <lila> at Mon Mar 11 14:34:15 2019
Job was executed on host(s) <ls14>, in queue <cpuqueue>, as user <grundye> in cluster <lila> at Mon Mar 11 14:34:15 2019
</home/grundye> was used as the home directory.
</home/grundye/EXPERIMENTS/kinase_inhibitors_and_assaytools/20190308_single_well_dial_prot_5X_dilution/Abl_GK_replicate1_nsample_100k_P_error_015> was used as the working directory.
Started at Mon Mar 11 14:34:15 2019
Terminated at Tue Mar 12 02:34:52 2019
Results reported at Tue Mar 12 02:34:52 2019

Your job looked like:

------------------------------------------------------------
# LSBATCH: User input
#!/bin/bash
#BSUB -J Abl_GK_100k_dP
#BSUB -n 1
#BSUB -R span[ptile=1]
#BSUB -R rusage[mem=8]
#BSUB -W 36:00
#BSUB -o %J.stdout
#BSUB -eo %J.stderr

# make sure job's submission CWD path can be accessed on the job's execution host 
cd $LS_SUBCWD

# Activate the environment where Assaytools is installed
source activate assaytools_af411f0

# Export current conda environment requirements
conda list --export > requirements.txt

# Run my program
echo "Started running Assaytools..."
quickmodel --inputs 'inputs_single_well_dial_Abl_GK' --type 'singlet' --nsamples 100000
echo "Done."

------------------------------------------------------------

Successfully completed.

Resource usage summary:

    CPU time :                                   42760.23 sec.
    Max Memory :                                 2 GB
    Average Memory :                             0.72 GB
    Total Requested Memory :                     8.00 GB
    Delta Memory :                               6.00 GB
    Max Swap :                                   -
    Max Processes :                              5
    Max Threads :                                141
    Run time :                                   43237 sec.
    Turnaround time :                            43237 sec.

The output (if any) follows:

Started running Assaytools...
Abl_GK-Bosutinib-B4A2
MAP fitting cycle 5/5
Delta G (95% credibility interval after equilibration):
   -26.7 [-34.1,-18.7] k_B T
Delta G (mean and std after equil):
   -26.7 +- 4.6 k_B T
Kd (95% credibility interval after equilibration):
   2.5 [0.0,7878.9] pM
Kd (mean and std after equil):
   2.6 pM +- 574033097.6 pM
Abl_GK-Bosutinib Isomer-D4C2
MAP fitting cycle 5/5
Delta G (95% credibility interval after equilibration):
   -26.6 [-34.1,-18.6] k_B T
Delta G (mean and std after equil):
   -26.5 +- 4.67 k_B T
Kd (95% credibility interval after equilibration):
   2.9 [0.0,8749.4] pM
Kd (mean and std after equil):
   3.0 pM +- 1117009165.5 pM
Abl_GK-Erlotinib-F4E2
MAP fitting cycle 5/5
Delta G (95% credibility interval after equilibration):
   -26.8 [-34.1,-19.2] k_B T
Delta G (mean and std after equil):
   -26.7 +- 4.5 k_B T
Kd (95% credibility interval after equilibration):
   2.4 [0.0,4817.0] pM
Kd (mean and std after equil):
   2.4 pM +- 4371.8 pM
Abl_GK-Gefitinib-H4G2
MAP fitting cycle 5/5
Delta G (95% credibility interval after equilibration):
   -9.76 [-11,-8.42] k_B T
Delta G (mean and std after equil):
   -9.76 +- 0.665 k_B T
Kd (95% credibility interval after equilibration):
   57.9 [17.0,221.0] uM
Kd (mean and std after equil):
   57.6 uM +- 56.1 uM
Done.


PS:

Read file <7514554.stderr> for stderr output of this job.

