Sender: LSF System <lsfadmin@lt22>
Subject: Job 7444679: <p38_100k_dP> in cluster <lila> Done

Job <p38_100k_dP> was submitted from host <lilac> by user <grundye> in cluster <lila> at Thu Mar  7 16:05:10 2019
Job was executed on host(s) <lt22>, in queue <cpuqueue>, as user <grundye> in cluster <lila> at Thu Mar  7 16:05:10 2019
</home/grundye> was used as the home directory.
</home/grundye/EXPERIMENTS/kinase_inhibitors_and_assaytools/20190307_single_well_dial_prot_NB_plate_ligs_1-4/p38_replicate_1_nsample_100k_P_error_015> was used as the working directory.
Started at Thu Mar  7 16:05:10 2019
Terminated at Fri Mar  8 00:46:08 2019
Results reported at Fri Mar  8 00:46:08 2019

Your job looked like:

------------------------------------------------------------
# LSBATCH: User input
#!/bin/bash
#BSUB -J p38_100k_dP
#BSUB -n 1
#BSUB -R span[ptile=1]
#BSUB -R rusage[mem=8]
#BSUB -W 36:00
#BSUB -o %J.stdout
#BSUB -eo %J.stderr

# make sure job's submission CWD path can be accessed on the job's execution host 
cd $LS_SUBCWD

# Activate the environment where Assaytools is installed
source activate assaytools_af411f0

# Export current conda environment requirements
conda list --export > requirements.txt

# Run my program
echo "Started running Assaytools..."
quickmodel --inputs 'inputs_single_well_dial_p38' --type 'singlet' --nsamples 100000
echo "Done."

------------------------------------------------------------

Successfully completed.

Resource usage summary:

    CPU time :                                   31216.39 sec.
    Max Memory :                                 -
    Average Memory :                             -
    Total Requested Memory :                     8.00 GB
    Delta Memory :                               -
    Max Swap :                                   -
    Max Processes :                              5
    Max Threads :                                141
    Run time :                                   31258 sec.
    Turnaround time :                            31258 sec.

The output (if any) follows:

Started running Assaytools...
p38-Bosutinib-A11A2
MAP fitting cycle 5/5
Delta G (95% credibility interval after equilibration):
   -12.7 [-13.7,-11.6] k_B T
Delta G (mean and std after equil):
   -12.7 +- 0.522 k_B T
Kd (95% credibility interval after equilibration):
   3.0 [1.2,9.2] uM
Kd (mean and std after equil):
   3.1 uM +- 9.2 uM
p38-Bosutinib Isomer-C11C2
MAP fitting cycle 5/5
Delta G (95% credibility interval after equilibration):
   -12.2 [-13.2,-11.5] k_B T
Delta G (mean and std after equil):
   -12.3 +- 0.463 k_B T
Kd (95% credibility interval after equilibration):
   5.0 [1.8,10.5] uM
Kd (mean and std after equil):
   4.7 uM +- 2.4 uM
p38-Erlotinib-E11E2
MAP fitting cycle 5/5
Delta G (95% credibility interval after equilibration):
   -10.1 [-12.2,-8.31] k_B T
Delta G (mean and std after equil):
   -10.2 +- 0.973 k_B T
Kd (95% credibility interval after equilibration):
   39.7 [5.3,245.3] uM
Kd (mean and std after equil):
   37.5 uM +- 67.1 uM
p38-Gefitinib-G11G2
MAP fitting cycle 5/5
Delta G (95% credibility interval after equilibration):
   -13.6 [-14.1,-13.2] k_B T
Delta G (mean and std after equil):
   -13.6 +- 0.251 k_B T
Kd (95% credibility interval after equilibration):
   1.3 [0.7,1.9] uM
Kd (mean and std after equil):
   1.2 uM +- 0.3 uM
Done.


PS:

Read file <7444679.stderr> for stderr output of this job.

